<?xml version="1.0" encoding="UTF-8"?>
<!-- Generated by org.testng.reporters.JUnitXMLReporter -->
<testsuite ignored="2" hostname="Binu_Laptop" failures="2" tests="2" name="SmokeTest" time="48.959" errors="0" timestamp="17 Jul 2021 04:37:23 GMT">
  <testcase classname="com.webauto.suite.BlackPearl" name="verifyHotelBooking" time="20.396">
    <failure type="java.lang.AssertionError" message="Unable to find element: By.xpath: (//input[@id=&amp;apos;search-input&amp;apos;]">
      <![CDATA[java.lang.AssertionError: Unable to find element: By.xpath: (//input[@id='search-input']
at org.junit.Assert.fail(Assert.java:88)
at org.junit.Assert.assertTrue(Assert.java:41)
at com.webauto.framework.ui.controls.Control.assertExists(Control.java:118)
at com.webauto.suite.BlackPearl.verifyHotelBooking_TC(BlackPearl.java:37)
at com.webauto.suite.BlackPearl.verifyHotelBooking(BlackPearl.java:29)
... Removed 28 stack frames]]>
    </failure>
  </testcase> <!-- verifyHotelBooking -->
  <testcase classname="com.webauto.suite.BlackPearl" name="verifyHotelBooking" time="20.119">
    <failure type="java.lang.AssertionError" message="Unable to find element: By.xpath: (//input[@id=&amp;apos;search-input&amp;apos;]">
      <![CDATA[java.lang.AssertionError: Unable to find element: By.xpath: (//input[@id='search-input']
at org.junit.Assert.fail(Assert.java:88)
at org.junit.Assert.assertTrue(Assert.java:41)
at com.webauto.framework.ui.controls.Control.assertExists(Control.java:118)
at com.webauto.suite.BlackPearl.verifyHotelBooking_TC(BlackPearl.java:37)
at com.webauto.suite.BlackPearl.verifyHotelBooking(BlackPearl.java:29)
... Removed 28 stack frames]]>
    </failure>
  </testcase> <!-- verifyHotelBooking -->
  <testcase classname="com.webauto.suite.SuiteInitialization" name="@BeforeSuite startReport" time="0.0">
    <ignored/>
  </testcase> <!-- @BeforeSuite startReport -->
  <testcase classname="com.webauto.suite.SuiteInitialization" name="@AfterSuite tearDown" time="0.0">
    <ignored/>
  </testcase> <!-- @AfterSuite tearDown -->
</testsuite> <!-- SmokeTest -->
