<?xml version="1.0" encoding="UTF-8"?>
<testsuite xmlns:xsi="http://www.w3.org/2001/XMLSchema-instance" xsi:schemaLocation="https://maven.apache.org/surefire/maven-surefire-plugin/xsd/surefire-test-report.xsd" name="TestSuite" time="50.141" tests="2" errors="0" skipped="0" failures="2">
  <properties>
[...]
</properties>
  <testcase name="verifyHotelBooking" classname="com.webauto.suite.BlackPearl" time="20.407">
    <failure message="Unable to find element: By.xpath: (//input[@id=&apos;search-input&apos;]" type="java.lang.AssertionError">java.lang.AssertionError: Unable to find element: By.xpath: (//input[@id='search-input']
	at com.webauto.suite.BlackPearl.verifyHotelBooking_TC(BlackPearl.java:37)
	at com.webauto.suite.BlackPearl.verifyHotelBooking(BlackPearl.java:29)
</failure>
    <system-out><![CDATA[[TestNGContentHandler] [WARN] It is strongly recommended to add "<!DOCTYPE suite SYSTEM "http://testng.org/testng-1.0.dtd" >" at the top of your file, otherwise TestNG may fail or not work as expected.
BEFORE SUITE START
]]></system-out>
    <system-err><![CDATA[Starting ChromeDriver 91.0.4472.101 (af52a90bf87030dd1523486a1cd3ae25c5d76c9b-refs/branch-heads/4472@{#1462}) on port 35277
Only local connections are allowed.
Please see https://chromedriver.chromium.org/security-considerations for suggestions on keeping ChromeDriver safe.
ChromeDriver was started successfully.
Jul 17, 2021 2:36:38 PM org.openqa.selenium.remote.ProtocolHandshake createSession
INFO: Detected dialect: W3C
]]></system-err>
  </testcase>
  <testcase name="verifyHotelBooking" classname="com.webauto.suite.BlackPearl" time="20.119">
    <failure message="Unable to find element: By.xpath: (//input[@id=&apos;search-input&apos;]" type="java.lang.AssertionError">java.lang.AssertionError: Unable to find element: By.xpath: (//input[@id='search-input']
	at com.webauto.suite.BlackPearl.verifyHotelBooking_TC(BlackPearl.java:37)
	at com.webauto.suite.BlackPearl.verifyHotelBooking(BlackPearl.java:29)
</failure>
    <system-out><![CDATA[in After Method
]]></system-out>
    <system-err><![CDATA[Starting ChromeDriver 91.0.4472.101 (af52a90bf87030dd1523486a1cd3ae25c5d76c9b-refs/branch-heads/4472@{#1462}) on port 31986
Only local connections are allowed.
Please see https://chromedriver.chromium.org/security-considerations for suggestions on keeping ChromeDriver safe.
ChromeDriver was started successfully.
Jul 17, 2021 2:37:01 PM org.openqa.selenium.remote.ProtocolHandshake createSession
INFO: Detected dialect: W3C
]]></system-err>
  </testcase>
</testsuite>